<?xml version="1.0" encoding="UTF-8"?>
<testsuite name="MainTest" tests="1" skipped="0" failures="0" errors="0" timestamp="2024-02-16T01:45:13" hostname="christophersmbp.lan" time="0.001">
  <properties/>
  <testcase name="testAppHasAGreeting" classname="MainTest" time="0.001"/>
  <system-out><![CDATA[]]></system-out>
  <system-err><![CDATA[]]></system-err>
</testsuite>
